This is pdfTeX, Version 3.14159265-2.6-1.40.21 (TeX Live 2020) (preloaded format=pdflatex 2020.7.11)  15 JUL 2020 19:53
entering extended mode
 restricted \write18 enabled.
 %&-line parsing enabled.
**text.tex
(./text.tex
LaTeX2e <2020-02-02> patch level 5
L3 programming layer <2020-06-18>
(/usr/local/texlive/2020/texmf-dist/tex/latex/koma-script/scrartcl.cls
Document Class: scrartcl 2020/04/19 v3.30 KOMA-Script document class (article)
(/usr/local/texlive/2020/texmf-dist/tex/latex/koma-script/scrkbase.sty
Package: scrkbase 2020/04/19 v3.30 KOMA-Script package (KOMA-Script-dependent b
asics and keyval usage)

(/usr/local/texlive/2020/texmf-dist/tex/latex/koma-script/scrbase.sty
Package: scrbase 2020/04/19 v3.30 KOMA-Script package (KOMA-Script-independent 
basics and keyval usage)

(/usr/local/texlive/2020/texmf-dist/tex/latex/graphics/keyval.sty
Package: keyval 2014/10/28 v1.15 key=value parser (DPC)
\KV@toks@=\toks15
)
(/usr/local/texlive/2020/texmf-dist/tex/latex/koma-script/scrlfile.sty
Package: scrlfile 2020/04/19 v3.30 KOMA-Script package (loading files)
)))
(/usr/local/texlive/2020/texmf-dist/tex/latex/koma-script/tocbasic.sty
Package: tocbasic 2020/04/19 v3.30 KOMA-Script package (handling toc-files)
\scr@dte@tocline@numberwidth=\skip47
\scr@dte@tocline@numbox=\box45
)
Package tocbasic Info: babel extension for `toc' omitted
(tocbasic)             because of missing \bbl@set@language on input line 135.


Class scrartcl Warning: You've used obsolete option `tablecaptionabove'.
(scrartcl)              Usage of this option indicates an old document
(scrartcl)              and changes compatibility level using
(scrartcl)              `captions=tableheading,version=first,
(scrartcl)              enabledeprecatedfontcommands' that may result
(scrartcl)              in further warnings.
(scrartcl)              If you don't want this, you should simply
(scrartcl)              replace option `tablecaptionabove' by `captions=tablehe
ading'.

Class scrartcl Info: Switching compatibility level to `first'.

Class scrartcl Warning: deprecated option `enabledeprecatedfontcommands'.
(scrartcl)              Note, that this option was already depreacted when
(scrartcl)              it has been defined. Support for old font commands
(scrartcl)              has been removed from KOMA-Script more than one
(scrartcl)              decade ago. It is not recommended to use them any
(scrartcl)              longer. Therefore usage of this class option also
(scrartcl)              is not recommended.

Class scrartcl Info: File `scrsize11pt.clo' used instead of
(scrartcl)           file `scrsize11.clo' to setup font sizes on input line 221
2.
(/usr/local/texlive/2020/texmf-dist/tex/latex/koma-script/scrsize11pt.clo
File: scrsize11pt.clo 2020/04/19 v3.30 KOMA-Script font size class option (11pt
)
)
(/usr/local/texlive/2020/texmf-dist/tex/latex/koma-script/typearea.sty
Package: typearea 2020/04/19 v3.30 KOMA-Script package (type area)
\ta@bcor=\skip48
\ta@div=\count167
Package typearea Info: You've used standard option `a4paper'.
(typearea)             This is correct!
(typearea)             Internally I'm using `paper=a4'.
(typearea)             If you'd like to set the option with \KOMAoptions,
(typearea)             you'd have to use `paper=a4' there
(typearea)             instead of `a4paper', too.
\ta@hblk=\skip49
\ta@vblk=\skip50
\ta@temp=\skip51
\footheight=\skip52
Package typearea Info: These are the values describing the layout:
(typearea)             DIV  = 10
(typearea)             BCOR = 0.0pt
(typearea)             \paperwidth      = 597.50793pt
(typearea)              \textwidth      = 418.25555pt
(typearea)              DIV departure   = -6%
(typearea)              \evensidemargin = 17.3562pt
(typearea)              \oddsidemargin  = 17.3562pt
(typearea)             \paperheight     = 845.04694pt
(typearea)              \textheight     = 595.80026pt
(typearea)              \topmargin      = -25.16531pt
(typearea)              \headheight     = 17.0pt
(typearea)              \headsep        = 20.40001pt
(typearea)              \topskip        = 11.0pt
(typearea)              \footskip       = 47.6pt
(typearea)              \baselineskip   = 13.6pt
(typearea)              on input line 1738.
)
\c@part=\count168
\c@section=\count169
\c@subsection=\count170
\c@subsubsection=\count171
\c@paragraph=\count172
\c@subparagraph=\count173
\scr@dte@section@maxnumwidth=\skip53
Class scrartcl Info: using compatibility default `runin=bysign'
(scrartcl)           for `\section on input line 4761.
Class scrartcl Info: using compatibility default `afterindent=bysign'
(scrartcl)           for `\section on input line 4761.
\scr@dte@part@maxnumwidth=\skip54
Class scrartcl Info: using compatibility default `afterindent=false'
(scrartcl)           for `\part on input line 4769.
\scr@dte@subsection@maxnumwidth=\skip55
Class scrartcl Info: using compatibility default `runin=bysign'
(scrartcl)           for `\subsection on input line 4779.
Class scrartcl Info: using compatibility default `afterindent=bysign'
(scrartcl)           for `\subsection on input line 4779.
\scr@dte@subsubsection@maxnumwidth=\skip56
Class scrartcl Info: using compatibility default `runin=bysign'
(scrartcl)           for `\subsubsection on input line 4789.
Class scrartcl Info: using compatibility default `afterindent=bysign'
(scrartcl)           for `\subsubsection on input line 4789.
\scr@dte@paragraph@maxnumwidth=\skip57
Class scrartcl Info: using compatibility default `runin=bysign'
(scrartcl)           for `\paragraph on input line 4799.
Class scrartcl Info: using compatibility default `afterindent=bysign'
(scrartcl)           for `\paragraph on input line 4799.
\scr@dte@subparagraph@maxnumwidth=\skip58
Class scrartcl Info: using compatibility default `runin=bysign'
(scrartcl)           for `\subparagraph on input line 4809.
Class scrartcl Info: using compatibility default `afterindent=bysign'
(scrartcl)           for `\subparagraph on input line 4809.
\abovecaptionskip=\skip59
\belowcaptionskip=\skip60
\c@pti@nb@sid@b@x=\box46
Package tocbasic Info: babel extension for `lof' omitted
(tocbasic)             because of missing \bbl@set@language on input line 6040.

\scr@dte@figure@maxnumwidth=\skip61
\c@figure=\count174
Package tocbasic Info: babel extension for `lot' omitted
(tocbasic)             because of missing \bbl@set@language on input line 6052.

\scr@dte@table@maxnumwidth=\skip62
\c@table=\count175
Class scrartcl Info: Using old \@makefntext due to compatibility level
(scrartcl)           less than 3.22 on input line 6203.
Class scrartcl Info: Redefining `\numberline' on input line 6216.
\bibindent=\dimen134
)
(/usr/local/texlive/2020/texmf-dist/tex/latex/lm/lmodern.sty
Package: lmodern 2009/10/30 v1.6 Latin Modern Fonts
LaTeX Font Info:    Overwriting symbol font `operators' in version `normal'
(Font)                  OT1/cmr/m/n --> OT1/lmr/m/n on input line 22.
LaTeX Font Info:    Overwriting symbol font `letters' in version `normal'
(Font)                  OML/cmm/m/it --> OML/lmm/m/it on input line 23.
LaTeX Font Info:    Overwriting symbol font `symbols' in version `normal'
(Font)                  OMS/cmsy/m/n --> OMS/lmsy/m/n on input line 24.
LaTeX Font Info:    Overwriting symbol font `largesymbols' in version `normal'
(Font)                  OMX/cmex/m/n --> OMX/lmex/m/n on input line 25.
LaTeX Font Info:    Overwriting symbol font `operators' in version `bold'
(Font)                  OT1/cmr/bx/n --> OT1/lmr/bx/n on input line 26.
LaTeX Font Info:    Overwriting symbol font `letters' in version `bold'
(Font)                  OML/cmm/b/it --> OML/lmm/b/it on input line 27.
LaTeX Font Info:    Overwriting symbol font `symbols' in version `bold'
(Font)                  OMS/cmsy/b/n --> OMS/lmsy/b/n on input line 28.
LaTeX Font Info:    Overwriting symbol font `largesymbols' in version `bold'
(Font)                  OMX/cmex/m/n --> OMX/lmex/m/n on input line 29.
LaTeX Font Info:    Overwriting math alphabet `\mathbf' in version `normal'
(Font)                  OT1/cmr/bx/n --> OT1/lmr/bx/n on input line 31.
LaTeX Font Info:    Overwriting math alphabet `\mathsf' in version `normal'
(Font)                  OT1/cmss/m/n --> OT1/lmss/m/n on input line 32.
LaTeX Font Info:    Overwriting math alphabet `\mathit' in version `normal'
(Font)                  OT1/cmr/m/it --> OT1/lmr/m/it on input line 33.
LaTeX Font Info:    Overwriting math alphabet `\mathtt' in version `normal'
(Font)                  OT1/cmtt/m/n --> OT1/lmtt/m/n on input line 34.
LaTeX Font Info:    Overwriting math alphabet `\mathbf' in version `bold'
(Font)                  OT1/cmr/bx/n --> OT1/lmr/bx/n on input line 35.
LaTeX Font Info:    Overwriting math alphabet `\mathsf' in version `bold'
(Font)                  OT1/cmss/bx/n --> OT1/lmss/bx/n on input line 36.
LaTeX Font Info:    Overwriting math alphabet `\mathit' in version `bold'
(Font)                  OT1/cmr/bx/it --> OT1/lmr/bx/it on input line 37.
LaTeX Font Info:    Overwriting math alphabet `\mathtt' in version `bold'
(Font)                  OT1/cmtt/m/n --> OT1/lmtt/m/n on input line 38.
)
(/usr/local/texlive/2020/texmf-dist/tex/latex/setspace/setspace.sty
Package: setspace 2011/12/19 v6.7a set line spacing
)
(/usr/local/texlive/2020/texmf-dist/tex/latex/amsfonts/amssymb.sty
Package: amssymb 2013/01/14 v3.01 AMS font symbols

(/usr/local/texlive/2020/texmf-dist/tex/latex/amsfonts/amsfonts.sty
Package: amsfonts 2013/01/14 v3.01 Basic AMSFonts support
\@emptytoks=\toks16
\symAMSa=\mathgroup4
\symAMSb=\mathgroup5
LaTeX Font Info:    Redeclaring math symbol \hbar on input line 98.
LaTeX Font Info:    Overwriting math alphabet `\mathfrak' in version `bold'
(Font)                  U/euf/m/n --> U/euf/b/n on input line 106.
))
(/usr/local/texlive/2020/texmf-dist/tex/latex/amsmath/amsmath.sty
Package: amsmath 2020/01/20 v2.17e AMS math features
\@mathmargin=\skip63

For additional information on amsmath, use the `?' option.
(/usr/local/texlive/2020/texmf-dist/tex/latex/amsmath/amstext.sty
Package: amstext 2000/06/29 v2.01 AMS text

(/usr/local/texlive/2020/texmf-dist/tex/latex/amsmath/amsgen.sty
File: amsgen.sty 1999/11/30 v2.0 generic functions
\@emptytoks=\toks17
\ex@=\dimen135
))
(/usr/local/texlive/2020/texmf-dist/tex/latex/amsmath/amsbsy.sty
Package: amsbsy 1999/11/29 v1.2d Bold Symbols
\pmbraise@=\dimen136
)
(/usr/local/texlive/2020/texmf-dist/tex/latex/amsmath/amsopn.sty
Package: amsopn 2016/03/08 v2.02 operator names
)
\inf@bad=\count176
LaTeX Info: Redefining \frac on input line 227.
\uproot@=\count177
\leftroot@=\count178
LaTeX Info: Redefining \overline on input line 389.
\classnum@=\count179
\DOTSCASE@=\count180
LaTeX Info: Redefining \ldots on input line 486.
LaTeX Info: Redefining \dots on input line 489.
LaTeX Info: Redefining \cdots on input line 610.
\Mathstrutbox@=\box47
\strutbox@=\box48
\big@size=\dimen137
LaTeX Font Info:    Redeclaring font encoding OML on input line 733.
LaTeX Font Info:    Redeclaring font encoding OMS on input line 734.
\macc@depth=\count181
\c@MaxMatrixCols=\count182
\dotsspace@=\muskip16
\c@parentequation=\count183
\dspbrk@lvl=\count184
\tag@help=\toks18
\row@=\count185
\column@=\count186
\maxfields@=\count187
\andhelp@=\toks19
\eqnshift@=\dimen138
\alignsep@=\dimen139
\tagshift@=\dimen140
\tagwidth@=\dimen141
\totwidth@=\dimen142
\lineht@=\dimen143
\@envbody=\toks20
\multlinegap=\skip64
\multlinetaggap=\skip65
\mathdisplay@stack=\toks21
LaTeX Info: Redefining \[ on input line 2859.
LaTeX Info: Redefining \] on input line 2860.
)
(/usr/local/texlive/2020/texmf-dist/tex/generic/iftex/ifxetex.sty
Package: ifxetex 2019/10/25 v0.7 ifxetex legacy package. Use iftex instead.

(/usr/local/texlive/2020/texmf-dist/tex/generic/iftex/iftex.sty
Package: iftex 2020/03/06 v1.0d TeX engine tests
))
(/usr/local/texlive/2020/texmf-dist/tex/generic/iftex/ifluatex.sty
Package: ifluatex 2019/10/25 v1.5 ifluatex legacy package. Use iftex instead.
)
(/usr/local/texlive/2020/texmf-dist/tex/latex/base/fontenc.sty
Package: fontenc 2020/02/11 v2.0o Standard LaTeX package
LaTeX Font Info:    Trying to load font information for T1+lmr on input line 11
2.

(/usr/local/texlive/2020/texmf-dist/tex/latex/lm/t1lmr.fd
File: t1lmr.fd 2009/10/30 v1.6 Font defs for Latin Modern
))
(/usr/local/texlive/2020/texmf-dist/tex/latex/base/inputenc.sty
Package: inputenc 2018/08/11 v1.3c Input encoding file
\inpenc@prehook=\toks22
\inpenc@posthook=\toks23
)
(/usr/local/texlive/2020/texmf-dist/tex/latex/base/textcomp.sty
Package: textcomp 2020/02/02 v2.0n Standard LaTeX package
)
(/usr/local/texlive/2020/texmf-dist/tex/latex/upquote/upquote.sty
Package: upquote 2012/04/19 v1.3 upright-quote and grave-accent glyphs in verba
tim
)
(/usr/local/texlive/2020/texmf-dist/tex/latex/microtype/microtype.sty
Package: microtype 2019/11/18 v2.7d Micro-typographical refinements (RS)
\MT@toks=\toks24
\MT@count=\count188
LaTeX Info: Redefining \textls on input line 790.
\MT@outer@kern=\dimen144
LaTeX Info: Redefining \textmicrotypecontext on input line 1354.
\MT@listname@count=\count189

(/usr/local/texlive/2020/texmf-dist/tex/latex/microtype/microtype-pdftex.def
File: microtype-pdftex.def 2019/11/18 v2.7d Definitions specific to pdftex (RS)

LaTeX Info: Redefining \lsstyle on input line 914.
LaTeX Info: Redefining \lslig on input line 914.
\MT@outer@space=\skip66
)
Package microtype Info: Loading configuration file microtype.cfg.

(/usr/local/texlive/2020/texmf-dist/tex/latex/microtype/microtype.cfg
File: microtype.cfg 2019/11/18 v2.7d microtype main configuration file (RS)
))
(/usr/local/texlive/2020/texmf-dist/tex/latex/xcolor/xcolor.sty
Package: xcolor 2016/05/11 v2.12 LaTeX color extensions (UK)

(/usr/local/texlive/2020/texmf-dist/tex/latex/graphics-cfg/color.cfg
File: color.cfg 2016/01/02 v1.6 sample color configuration
)
Package xcolor Info: Driver file: pdftex.def on input line 225.

(/usr/local/texlive/2020/texmf-dist/tex/latex/graphics-def/pdftex.def
File: pdftex.def 2018/01/08 v1.0l Graphics/color driver for pdftex
)
(/usr/local/texlive/2020/texmf-dist/tex/latex/colortbl/colortbl.sty
Package: colortbl 2020/01/04 v1.0e Color table columns (DPC)

(/usr/local/texlive/2020/texmf-dist/tex/latex/tools/array.sty
Package: array 2019/08/31 v2.4l Tabular extension package (FMi)
\col@sep=\dimen145
\ar@mcellbox=\box49
\extrarowheight=\dimen146
\NC@list=\toks25
\extratabsurround=\skip67
\backup@length=\skip68
\ar@cellbox=\box50
)
\everycr=\toks26
\minrowclearance=\skip69
)
\rownum=\count190
Package xcolor Info: Model `cmy' substituted by `cmy0' on input line 1348.
Package xcolor Info: Model `hsb' substituted by `rgb' on input line 1352.
Package xcolor Info: Model `RGB' extended on input line 1364.
Package xcolor Info: Model `HTML' substituted by `rgb' on input line 1366.
Package xcolor Info: Model `Hsb' substituted by `hsb' on input line 1367.
Package xcolor Info: Model `tHsb' substituted by `hsb' on input line 1368.
Package xcolor Info: Model `HSB' substituted by `hsb' on input line 1369.
Package xcolor Info: Model `Gray' substituted by `gray' on input line 1370.
Package xcolor Info: Model `wave' substituted by `hsb' on input line 1371.

(/usr/local/texlive/2020/texmf-dist/tex/latex/graphics/dvipsnam.def
File: dvipsnam.def 2016/06/17 v3.0m Driver-dependent file (DPC,SPQR)
)
(/usr/local/texlive/2020/texmf-dist/tex/latex/xcolor/svgnam.def
File: svgnam.def 2016/05/11 v2.12 Predefined colors according to SVG 1.1 (UK)
)
(/usr/local/texlive/2020/texmf-dist/tex/latex/xcolor/x11nam.def
File: x11nam.def 2016/05/11 v2.12 Predefined colors according to Unix/X11 (UK)
))
(/usr/local/texlive/2020/texmf-dist/tex/latex/xurl/xurl.sty
Package: xurl 2020/01/24 v 0.09 modify URL breaks

(/usr/local/texlive/2020/texmf-dist/tex/latex/url/url.sty
\Urlmuskip=\muskip17
Package: url 2013/09/16  ver 3.4  Verb mode for urls, etc.
))
(/usr/local/texlive/2020/texmf-dist/tex/latex/bookmark/bookmark.sty
Package: bookmark 2019/12/03 v1.28 PDF bookmarks (HO)

(/usr/local/texlive/2020/texmf-dist/tex/latex/hyperref/hyperref.sty
Package: hyperref 2020-05-15 v7.00e Hypertext links for LaTeX

(/usr/local/texlive/2020/texmf-dist/tex/generic/ltxcmds/ltxcmds.sty
Package: ltxcmds 2019/12/15 v1.24 LaTeX kernel commands for general use (HO)
)
(/usr/local/texlive/2020/texmf-dist/tex/generic/pdftexcmds/pdftexcmds.sty
Package: pdftexcmds 2020-06-27 v0.33 Utility functions of pdfTeX for LuaTeX (HO
)

(/usr/local/texlive/2020/texmf-dist/tex/generic/infwarerr/infwarerr.sty
Package: infwarerr 2019/12/03 v1.5 Providing info/warning/error messages (HO)
)
Package pdftexcmds Info: \pdf@primitive is available.
Package pdftexcmds Info: \pdf@ifprimitive is available.
Package pdftexcmds Info: \pdfdraftmode found.
)
(/usr/local/texlive/2020/texmf-dist/tex/generic/kvsetkeys/kvsetkeys.sty
Package: kvsetkeys 2019/12/15 v1.18 Key value parser (HO)
)
(/usr/local/texlive/2020/texmf-dist/tex/generic/kvdefinekeys/kvdefinekeys.sty
Package: kvdefinekeys 2019-12-19 v1.6 Define keys (HO)
)
(/usr/local/texlive/2020/texmf-dist/tex/generic/pdfescape/pdfescape.sty
Package: pdfescape 2019/12/09 v1.15 Implements pdfTeX's escape features (HO)
)
(/usr/local/texlive/2020/texmf-dist/tex/latex/hycolor/hycolor.sty
Package: hycolor 2020-01-27 v1.10 Color options for hyperref/bookmark (HO)
)
(/usr/local/texlive/2020/texmf-dist/tex/latex/letltxmacro/letltxmacro.sty
Package: letltxmacro 2019/12/03 v1.6 Let assignment for LaTeX macros (HO)
)
(/usr/local/texlive/2020/texmf-dist/tex/latex/auxhook/auxhook.sty
Package: auxhook 2019-12-17 v1.6 Hooks for auxiliary files (HO)
)
(/usr/local/texlive/2020/texmf-dist/tex/latex/kvoptions/kvoptions.sty
Package: kvoptions 2019/11/29 v3.13 Key value format for package options (HO)
)
\@linkdim=\dimen147
\Hy@linkcounter=\count191
\Hy@pagecounter=\count192

(/usr/local/texlive/2020/texmf-dist/tex/latex/hyperref/pd1enc.def
File: pd1enc.def 2020-05-15 v7.00e Hyperref: PDFDocEncoding definition (HO)
Now handling font encoding PD1 ...
... no UTF-8 mapping file for font encoding PD1
)
(/usr/local/texlive/2020/texmf-dist/tex/generic/intcalc/intcalc.sty
Package: intcalc 2019/12/15 v1.3 Expandable calculations with integers (HO)
)
(/usr/local/texlive/2020/texmf-dist/tex/generic/etexcmds/etexcmds.sty
Package: etexcmds 2019/12/15 v1.7 Avoid name clashes with e-TeX commands (HO)
)
\Hy@SavedSpaceFactor=\count193
Package hyperref Info: Option `unicode' set `true' on input line 4338.

(/usr/local/texlive/2020/texmf-dist/tex/latex/hyperref/puenc.def
File: puenc.def 2020-05-15 v7.00e Hyperref: PDF Unicode definition (HO)
Now handling font encoding PU ...
... no UTF-8 mapping file for font encoding PU
)
Package hyperref Info: Hyper figures OFF on input line 4464.
Package hyperref Info: Link nesting OFF on input line 4469.
Package hyperref Info: Hyper index ON on input line 4472.
Package hyperref Info: Plain pages OFF on input line 4479.
Package hyperref Info: Backreferencing OFF on input line 4484.
Package hyperref Info: Implicit mode ON; LaTeX internals redefined.
Package hyperref Info: Bookmarks ON on input line 4717.
\c@Hy@tempcnt=\count194
LaTeX Info: Redefining \url on input line 5076.
\XeTeXLinkMargin=\dimen148

(/usr/local/texlive/2020/texmf-dist/tex/generic/bitset/bitset.sty
Package: bitset 2019/12/09 v1.3 Handle bit-vector datatype (HO)

(/usr/local/texlive/2020/texmf-dist/tex/generic/bigintcalc/bigintcalc.sty
Package: bigintcalc 2019/12/15 v1.5 Expandable calculations on big integers (HO
)
))
\Fld@menulength=\count195
\Field@Width=\dimen149
\Fld@charsize=\dimen150
Package hyperref Info: Hyper figures OFF on input line 6347.
Package hyperref Info: Link nesting OFF on input line 6352.
Package hyperref Info: Hyper index ON on input line 6355.
Package hyperref Info: backreferencing OFF on input line 6362.
Package hyperref Info: Link coloring OFF on input line 6367.
Package hyperref Info: Link coloring with OCG OFF on input line 6372.
Package hyperref Info: PDF/A mode OFF on input line 6377.
LaTeX Info: Redefining \ref on input line 6417.
LaTeX Info: Redefining \pageref on input line 6421.

(/usr/local/texlive/2020/texmf-dist/tex/generic/atbegshi/atbegshi.sty
Package: atbegshi 2019/12/05 v1.19 At begin shipout hook (HO)
)
\Hy@abspage=\count196
\c@Item=\count197
\c@Hfootnote=\count198
)
Package hyperref Info: Driver (autodetected): hpdftex.

(/usr/local/texlive/2020/texmf-dist/tex/latex/hyperref/hpdftex.def
File: hpdftex.def 2020-05-15 v7.00e Hyperref driver for pdfTeX

(/usr/local/texlive/2020/texmf-dist/tex/latex/atveryend/atveryend.sty
Package: atveryend 2019-12-11 v1.11 Hooks at the very end of document (HO)
Package atveryend Info: \enddocument detected (standard20110627).
)
\Fld@listcount=\count199
\c@bookmark@seq@number=\count266

(/usr/local/texlive/2020/texmf-dist/tex/latex/rerunfilecheck/rerunfilecheck.sty
Package: rerunfilecheck 2019/12/05 v1.9 Rerun checks for auxiliary files (HO)

(/usr/local/texlive/2020/texmf-dist/tex/generic/uniquecounter/uniquecounter.sty
Package: uniquecounter 2019/12/15 v1.4 Provide unlimited unique counter (HO)
)
Package uniquecounter Info: New unique counter `rerunfilecheck' on input line 2
86.
)
\Hy@SectionHShift=\skip70
) (/usr/local/texlive/2020/texmf-dist/tex/latex/bookmark/bkm-pdftex.def
File: bkm-pdftex.def 2019/12/03 v1.28 bookmark driver for pdfTeX (HO)
\BKM@id=\count267
))
Package hyperref Info: Option `breaklinks' set `true' on input line 92.

(/usr/local/texlive/2020/texmf-dist/tex/latex/geometry/geometry.sty
Package: geometry 2020/01/02 v5.9 Page Geometry

(/usr/local/texlive/2020/texmf-dist/tex/generic/iftex/ifvtex.sty
Package: ifvtex 2019/10/25 v1.7 ifvtex legacy package. Use iftex instead.
)
\Gm@cnth=\count268
\Gm@cntv=\count269
\c@Gm@tempcnt=\count270
\Gm@bindingoffset=\dimen151
\Gm@wd@mp=\dimen152
\Gm@odd@mp=\dimen153
\Gm@even@mp=\dimen154
\Gm@layoutwidth=\dimen155
\Gm@layoutheight=\dimen156
\Gm@layouthoffset=\dimen157
\Gm@layoutvoffset=\dimen158
\Gm@dimlist=\toks27
)
(/usr/local/texlive/2020/texmf-dist/tex/latex/footnotebackref/footnotebackref.s
ty
Package: footnotebackref 2012/07/01 v1.0 Backreferences for footnotes (Holger L
ange)
\c@BackrefHyperFootnoteCounter=\count271
) (/usr/local/texlive/2020/texmf-dist/tex/latex/graphics/graphicx.sty
Package: graphicx 2019/11/30 v1.2a Enhanced LaTeX Graphics (DPC,SPQR)

(/usr/local/texlive/2020/texmf-dist/tex/latex/graphics/graphics.sty
Package: graphics 2019/11/30 v1.4a Standard LaTeX Graphics (DPC,SPQR)

(/usr/local/texlive/2020/texmf-dist/tex/latex/graphics/trig.sty
Package: trig 2016/01/03 v1.10 sin cos tan (DPC)
)
(/usr/local/texlive/2020/texmf-dist/tex/latex/graphics-cfg/graphics.cfg
File: graphics.cfg 2016/06/04 v1.11 sample graphics configuration
)
Package graphics Info: Driver file: pdftex.def on input line 105.
)
\Gin@req@height=\dimen159
\Gin@req@width=\dimen160
)
(/usr/local/texlive/2020/texmf-dist/tex/latex/grffile/grffile.sty
Package: grffile 2019/11/11 v2.1 Extended file name support for graphics (legac
y)
Package grffile Info: This package is an empty stub for compatibility on input 
line 40.
)
(/usr/local/texlive/2020/texmf-dist/tex/latex/float/float.sty
Package: float 2001/11/08 v1.3d Float enhancements (AL)
\c@float@type=\count272
\float@exts=\toks28
\float@box=\box51
\@float@everytoks=\toks29
\@floatcapt=\box52
)
(/usr/local/texlive/2020/texmf-dist/tex/latex/biblatex/biblatex.sty
Package: biblatex 2019/12/01 v3.14 programmable bibliographies (PK/MW)

(/usr/local/texlive/2020/texmf-dist/tex/latex/etoolbox/etoolbox.sty
Package: etoolbox 2019/09/21 v2.5h e-TeX tools for LaTeX (JAW)
\etb@tempcnta=\count273
)
(/usr/local/texlive/2020/texmf-dist/tex/latex/logreq/logreq.sty
Package: logreq 2010/08/04 v1.0 xml request logger
\lrq@indent=\count274

(/usr/local/texlive/2020/texmf-dist/tex/latex/logreq/logreq.def
File: logreq.def 2010/08/04 v1.0 logreq spec v1.0
))
(/usr/local/texlive/2020/texmf-dist/tex/latex/base/ifthen.sty
Package: ifthen 2014/09/29 v1.1c Standard LaTeX ifthen package (DPC)
)
\c@tabx@nest=\count275
\c@listtotal=\count276
\c@listcount=\count277
\c@liststart=\count278
\c@liststop=\count279
\c@citecount=\count280
\c@citetotal=\count281
\c@multicitecount=\count282
\c@multicitetotal=\count283
\c@instcount=\count284
\c@maxnames=\count285
\c@minnames=\count286
\c@maxitems=\count287
\c@minitems=\count288
\c@citecounter=\count289
\c@maxcitecounter=\count290
\c@savedcitecounter=\count291
\c@uniquelist=\count292
\c@uniquename=\count293
\c@refsection=\count294
\c@refsegment=\count295
\c@maxextratitle=\count296
\c@maxextratitleyear=\count297
\c@maxextraname=\count298
\c@maxextradate=\count299
\c@maxextraalpha=\count300
\c@abbrvpenalty=\count301
\c@highnamepenalty=\count302
\c@lownamepenalty=\count303
\c@maxparens=\count304
\c@parenlevel=\count305
\blx@tempcnta=\count306
\blx@tempcntb=\count307
\blx@tempcntc=\count308
\blx@maxsection=\count309
\blx@maxsegment@0=\count310
\blx@notetype=\count311
\blx@parenlevel@text=\count312
\blx@parenlevel@foot=\count313
\blx@sectionciteorder@0=\count314
\blx@entrysetcounter=\count315
\labelnumberwidth=\skip71
\labelalphawidth=\skip72
\biblabelsep=\skip73
\bibitemsep=\skip74
\bibnamesep=\skip75
\bibinitsep=\skip76
\bibparsep=\skip77
\bibhang=\skip78
\blx@bcfin=\read2
\blx@bcfout=\write3
\blx@langwohyphens=\language86
\c@mincomprange=\count316
\c@maxcomprange=\count317
\c@mincompwidth=\count318
Package biblatex Info: Trying to load biblatex default data model...
Package biblatex Info: ... file 'blx-dm.def' found.

(/usr/local/texlive/2020/texmf-dist/tex/latex/biblatex/blx-dm.def
File: blx-dm.def 2019/12/01 v3.14 biblatex localization (PK/MW)
)
Package biblatex Info: Trying to load biblatex custom data model...
Package biblatex Info: ... file 'biblatex-dm.cfg' not found.
\c@afterword=\count319
\c@savedafterword=\count320
\c@annotator=\count321
\c@savedannotator=\count322
\c@author=\count323
\c@savedauthor=\count324
\c@bookauthor=\count325
\c@savedbookauthor=\count326
\c@commentator=\count327
\c@savedcommentator=\count328
\c@editor=\count329
\c@savededitor=\count330
\c@editora=\count331
\c@savededitora=\count332
\c@editorb=\count333
\c@savededitorb=\count334
\c@editorc=\count335
\c@savededitorc=\count336
\c@foreword=\count337
\c@savedforeword=\count338
\c@holder=\count339
\c@savedholder=\count340
\c@introduction=\count341
\c@savedintroduction=\count342
\c@namea=\count343
\c@savednamea=\count344
\c@nameb=\count345
\c@savednameb=\count346
\c@namec=\count347
\c@savednamec=\count348
\c@translator=\count349
\c@savedtranslator=\count350
\c@shortauthor=\count351
\c@savedshortauthor=\count352
\c@shorteditor=\count353
\c@savedshorteditor=\count354
\c@labelname=\count355
\c@savedlabelname=\count356
\c@institution=\count357
\c@savedinstitution=\count358
\c@lista=\count359
\c@savedlista=\count360
\c@listb=\count361
\c@savedlistb=\count362
\c@listc=\count363
\c@savedlistc=\count364
\c@listd=\count365
\c@savedlistd=\count366
\c@liste=\count367
\c@savedliste=\count368
\c@listf=\count369
\c@savedlistf=\count370
\c@location=\count371
\c@savedlocation=\count372
\c@organization=\count373
\c@savedorganization=\count374
\c@origlocation=\count375
\c@savedoriglocation=\count376
\c@origpublisher=\count377
\c@savedorigpublisher=\count378
\c@publisher=\count379
\c@savedpublisher=\count380
\c@language=\count381
\c@savedlanguage=\count382
\c@origlanguage=\count383
\c@savedoriglanguage=\count384
\c@pageref=\count385
\c@savedpageref=\count386
\shorthandwidth=\skip79
\shortjournalwidth=\skip80
\shortserieswidth=\skip81
\shorttitlewidth=\skip82
\shortauthorwidth=\skip83
\shorteditorwidth=\skip84
\locallabelnumberwidth=\skip85
\locallabelalphawidth=\skip86
\localshorthandwidth=\skip87
\localshortjournalwidth=\skip88
\localshortserieswidth=\skip89
\localshorttitlewidth=\skip90
\localshortauthorwidth=\skip91
\localshorteditorwidth=\skip92
Package biblatex Info: Trying to load compatibility code...
Package biblatex Info: ... file 'blx-compat.def' found.

(/usr/local/texlive/2020/texmf-dist/tex/latex/biblatex/blx-compat.def
File: blx-compat.def 2019/12/01 v3.14 biblatex compatibility (PK/MW)
)
Package biblatex Info: Trying to load generic definitions...
Package biblatex Info: ... file 'biblatex.def' found.

(/usr/local/texlive/2020/texmf-dist/tex/latex/biblatex/biblatex.def
File: biblatex.def 2019/12/01 v3.14 biblatex compatibility (PK/MW)
\c@textcitecount=\count387
\c@textcitetotal=\count388
\c@textcitemaxnames=\count389
\c@biburlbigbreakpenalty=\count390
\c@biburlbreakpenalty=\count391
\c@biburlnumpenalty=\count392
\c@biburlucpenalty=\count393
\c@biburllcpenalty=\count394
\biburlbigskip=\muskip18
\biburlnumskip=\muskip19
\biburlucskip=\muskip20
\biburllcskip=\muskip21
\c@smartand=\count395
)
Package biblatex Info: Trying to load bibliography style 'numeric'...
Package biblatex Info: ... file 'numeric.bbx' found.

(/usr/local/texlive/2020/texmf-dist/tex/latex/biblatex/bbx/numeric.bbx
File: numeric.bbx 2019/12/01 v3.14 biblatex bibliography style (PK/MW)
Package biblatex Info: Trying to load bibliography style 'standard'...
Package biblatex Info: ... file 'standard.bbx' found.

(/usr/local/texlive/2020/texmf-dist/tex/latex/biblatex/bbx/standard.bbx
File: standard.bbx 2019/12/01 v3.14 biblatex bibliography style (PK/MW)
\c@bbx:relatedcount=\count396
\c@bbx:relatedtotal=\count397
))
Package biblatex Info: Trying to load citation style 'numeric'...
Package biblatex Info: ... file 'numeric.cbx' found.

(/usr/local/texlive/2020/texmf-dist/tex/latex/biblatex/cbx/numeric.cbx
File: numeric.cbx 2019/12/01 v3.14 biblatex citation style (PK/MW)
Package biblatex Info: Redefining '\cite'.
Package biblatex Info: Redefining '\parencite'.
Package biblatex Info: Redefining '\footcite'.
Package biblatex Info: Redefining '\footcitetext'.
Package biblatex Info: Redefining '\smartcite'.
Package biblatex Info: Redefining '\supercite'.
Package biblatex Info: Redefining '\textcite'.
Package biblatex Info: Redefining '\textcites'.
Package biblatex Info: Redefining '\cites'.
Package biblatex Info: Redefining '\parencites'.
Package biblatex Info: Redefining '\smartcites'.
)
Package biblatex Info: Trying to load configuration file...
Package biblatex Info: ... file 'biblatex.cfg' found.

(/usr/local/texlive/2020/texmf-dist/tex/latex/biblatex/biblatex.cfg
File: biblatex.cfg 
))
(/usr/local/texlive/2020/texmf-dist/tex/generic/babel/babel.sty
Package: babel 2020/07/07 3.46 The Babel package

(/usr/local/texlive/2020/texmf-dist/tex/generic/babel/babel.def
File: babel.def 2020/07/07 3.46 Babel common definitions
\babel@savecnt=\count398
\U@D=\dimen161
\l@babelnohyphens=\language87

(/usr/local/texlive/2020/texmf-dist/tex/generic/babel/txtbabel.def)
\bbl@readstream=\read3
)
\bbl@dirlevel=\count399

(/usr/local/texlive/2020/texmf-dist/tex/generic/babel-english/english.ldf
Language: english 2017/06/06 v3.3r English support from the babel system
Package babel Info: \l@canadian = using hyphenrules for english
(babel)             (\language0) on input line 102.
Package babel Info: \l@australian = using hyphenrules for ukenglish
(babel)             (\language21) on input line 105.
Package babel Info: \l@newzealand = using hyphenrules for ukenglish
(babel)             (\language21) on input line 108.
))
(/usr/local/texlive/2020/texmf-dist/tex/latex/csquotes/csquotes.sty
Package: csquotes 2019-12-06 v5.2j context-sensitive quotations (JAW)
\csq@reset=\count400
\csq@gtype=\count401
\csq@glevel=\count402
\csq@qlevel=\count403
\csq@maxlvl=\count404
\csq@tshold=\count405
\csq@ltx@everypar=\toks30

(/usr/local/texlive/2020/texmf-dist/tex/latex/csquotes/csquotes.def
File: csquotes.def 2019-12-06 v5.2j csquotes generic definitions (JAW)
)
Package csquotes Info: Trying to load configuration file 'csquotes.cfg'...
Package csquotes Info: ... configuration file loaded successfully.

(/usr/local/texlive/2020/texmf-dist/tex/latex/csquotes/csquotes.cfg
File: csquotes.cfg 
))
(/usr/local/texlive/2020/texmf-dist/tex/latex/caption/caption.sty
Package: caption 2020/05/30 v3.4k Customizing captions (AR)

(/usr/local/texlive/2020/texmf-dist/tex/latex/caption/caption3.sty
Package: caption3 2020/05/30 v1.12 caption3 kernel (AR)
Package caption3 Info: TeX engine: e-TeX on input line 61.
\captionmargin=\dimen162
\captionmargin@=\dimen163
\captionwidth=\dimen164
\caption@tempdima=\dimen165
\caption@indent=\dimen166
\caption@parindent=\dimen167
\caption@hangindent=\dimen168
Package caption Info: KOMA-Script document class detected.
)
Package caption Info: KOMA-Script document class.
\c@caption@flags=\count406
\c@continuedfloat=\count407
Package caption Info: float package is loaded.
Package caption Info: hyperref package is loaded.
)
(/usr/local/texlive/2020/texmf-dist/tex/latex/mdframed/mdframed.sty
Package: mdframed 2013/07/01 1.9b: mdframed

(/usr/local/texlive/2020/texmf-dist/tex/latex/l3packages/xparse/xparse.sty
(/usr/local/texlive/2020/texmf-dist/tex/latex/l3kernel/expl3.sty
Package: expl3 2020-06-18 L3 programming layer (loader) 

(/usr/local/texlive/2020/texmf-dist/tex/latex/l3backend/l3backend-pdfmode.def
File: l3backend-pdfmode.def 2020-06-29 L3 backend support: PDF mode
\l__kernel_color_stack_int=\count408
\l__pdf_internal_box=\box53
))
Package: xparse 2020-05-15 L3 Experimental document command parser

(/usr/local/texlive/2020/texmf-dist/tex/latex/l3packages/xparse/xparse-generic.
tex
\l__xparse_current_arg_int=\count409
\g__xparse_grabber_int=\count410
\l__xparse_m_args_int=\count411
\l__xparse_v_nesting_int=\count412
)) (/usr/local/texlive/2020/texmf-dist/tex/latex/zref/zref-abspage.sty
Package: zref-abspage 2020-05-28 v2.31 Module abspage for zref (HO)

(/usr/local/texlive/2020/texmf-dist/tex/latex/zref/zref-base.sty
Package: zref-base 2020-05-28 v2.31 Module base for zref (HO)
Package zref Info: New property list: main on input line 763.
Package zref Info: New property: default on input line 764.
Package zref Info: New property: page on input line 765.
)
\c@abspage=\count413
Package zref Info: New property: abspage on input line 66.
)
(/usr/local/texlive/2020/texmf-dist/tex/latex/needspace/needspace.sty
Package: needspace 2010/09/12 v1.3d reserve vertical space
)
\mdf@templength=\skip93
\c@mdf@globalstyle@cnt=\count414
\mdf@skipabove@length=\skip94
\mdf@skipbelow@length=\skip95
\mdf@leftmargin@length=\skip96
\mdf@rightmargin@length=\skip97
\mdf@innerleftmargin@length=\skip98
\mdf@innerrightmargin@length=\skip99
\mdf@innertopmargin@length=\skip100
\mdf@innerbottommargin@length=\skip101
\mdf@splittopskip@length=\skip102
\mdf@splitbottomskip@length=\skip103
\mdf@outermargin@length=\skip104
\mdf@innermargin@length=\skip105
\mdf@linewidth@length=\skip106
\mdf@innerlinewidth@length=\skip107
\mdf@middlelinewidth@length=\skip108
\mdf@outerlinewidth@length=\skip109
\mdf@roundcorner@length=\skip110
\mdf@footenotedistance@length=\skip111
\mdf@userdefinedwidth@length=\skip112
\mdf@needspace@length=\skip113
\mdf@frametitleaboveskip@length=\skip114
\mdf@frametitlebelowskip@length=\skip115
\mdf@frametitlerulewidth@length=\skip116
\mdf@frametitleleftmargin@length=\skip117
\mdf@frametitlerightmargin@length=\skip118
\mdf@shadowsize@length=\skip119
\mdf@extratopheight@length=\skip120
\mdf@subtitleabovelinewidth@length=\skip121
\mdf@subtitlebelowlinewidth@length=\skip122
\mdf@subtitleaboveskip@length=\skip123
\mdf@subtitlebelowskip@length=\skip124
\mdf@subtitleinneraboveskip@length=\skip125
\mdf@subtitleinnerbelowskip@length=\skip126
\mdf@subsubtitleabovelinewidth@length=\skip127
\mdf@subsubtitlebelowlinewidth@length=\skip128
\mdf@subsubtitleaboveskip@length=\skip129
\mdf@subsubtitlebelowskip@length=\skip130
\mdf@subsubtitleinneraboveskip@length=\skip131
\mdf@subsubtitleinnerbelowskip@length=\skip132

(/usr/local/texlive/2020/texmf-dist/tex/latex/mdframed/md-frame-0.mdf
File: md-frame-0.mdf 2013/07/01\ 1.9b: md-frame-0
)
\mdf@frametitlebox=\box54
\mdf@footnotebox=\box55
\mdf@splitbox@one=\box56
\mdf@splitbox@two=\box57
\mdf@splitbox@save=\box58
\mdfsplitboxwidth=\skip133
\mdfsplitboxtotalwidth=\skip134
\mdfsplitboxheight=\skip135
\mdfsplitboxdepth=\skip136
\mdfsplitboxtotalheight=\skip137
\mdfframetitleboxwidth=\skip138
\mdfframetitleboxtotalwidth=\skip139
\mdfframetitleboxheight=\skip140
\mdfframetitleboxdepth=\skip141
\mdfframetitleboxtotalheight=\skip142
\mdffootnoteboxwidth=\skip143
\mdffootnoteboxtotalwidth=\skip144
\mdffootnoteboxheight=\skip145
\mdffootnoteboxdepth=\skip146
\mdffootnoteboxtotalheight=\skip147
\mdftotallinewidth=\skip148
\mdfboundingboxwidth=\skip149
\mdfboundingboxtotalwidth=\skip150
\mdfboundingboxheight=\skip151
\mdfboundingboxdepth=\skip152
\mdfboundingboxtotalheight=\skip153
\mdf@freevspace@length=\skip154
\mdf@horizontalwidthofbox@length=\skip155
\mdf@verticalmarginwhole@length=\skip156
\mdf@horizontalspaceofbox=\skip157
\mdfsubtitleheight=\skip158
\mdfsubsubtitleheight=\skip159
\c@mdfcountframes=\count415

****** mdframed patching \endmdf@trivlist

****** -- success******

\mdf@envdepth=\count416
\c@mdf@env@i=\count417
\c@mdf@env@ii=\count418
\c@mdf@zref@counter=\count419
Package zref Info: New property: mdf@pagevalue on input line 895.
)
(/usr/local/texlive/2020/texmf-dist/tex/latex/sourcesanspro/sourcesanspro.sty
Package: sourcesanspro 2018/05/19 v2.7 Adobe's Source Sans Pro typeface

(/usr/local/texlive/2020/texmf-dist/tex/latex/xkeyval/xkeyval.sty
Package: xkeyval 2014/12/03 v2.7a package option processing (HA)

(/usr/local/texlive/2020/texmf-dist/tex/generic/xkeyval/xkeyval.tex
(/usr/local/texlive/2020/texmf-dist/tex/generic/xkeyval/xkvutils.tex
\XKV@toks=\toks31
\XKV@tempa@toks=\toks32
)
\XKV@depth=\count420
File: xkeyval.tex 2014/12/03 v2.7a key=value parser (HA)
))
(/usr/local/texlive/2020/texmf-dist/tex/latex/base/fontenc.sty
Package: fontenc 2020/02/11 v2.0o Standard LaTeX package

(/usr/local/texlive/2020/texmf-dist/tex/latex/ly1/ly1enc.def
File: ly1enc.def 2009/07/22 v0.7 TeX 'n ANSI encoding (DPC/KB)
Now handling font encoding LY1 ...
... processing UTF-8 mapping file for font encoding LY1

(/usr/local/texlive/2020/texmf-dist/tex/latex/base/ly1enc.dfu
File: ly1enc.dfu 2019/11/14 v1.2k UTF-8 support for inputenc
   defining Unicode char U+00A0 (decimal 160)
   defining Unicode char U+00A1 (decimal 161)
   defining Unicode char U+00A2 (decimal 162)
   defining Unicode char U+00A3 (decimal 163)
   defining Unicode char U+00A4 (decimal 164)
   defining Unicode char U+00A5 (decimal 165)
   defining Unicode char U+00A6 (decimal 166)
   defining Unicode char U+00A7 (decimal 167)
   defining Unicode char U+00AA (decimal 170)
   defining Unicode char U+00AB (decimal 171)
   defining Unicode char U+00AD (decimal 173)
   defining Unicode char U+00AE (decimal 174)
   defining Unicode char U+00B0 (decimal 176)
   defining Unicode char U+00B5 (decimal 181)
   defining Unicode char U+00B6 (decimal 182)
   defining Unicode char U+00B7 (decimal 183)
   defining Unicode char U+00BA (decimal 186)
   defining Unicode char U+00BB (decimal 187)
   defining Unicode char U+00BC (decimal 188)
   defining Unicode char U+00BD (decimal 189)
   defining Unicode char U+00BE (decimal 190)
   defining Unicode char U+00BF (decimal 191)
   defining Unicode char U+00C0 (decimal 192)
   defining Unicode char U+00C1 (decimal 193)
   defining Unicode char U+00C2 (decimal 194)
   defining Unicode char U+00C3 (decimal 195)
   defining Unicode char U+00C4 (decimal 196)
   defining Unicode char U+00C5 (decimal 197)
   defining Unicode char U+00C6 (decimal 198)
   defining Unicode char U+00C7 (decimal 199)
   defining Unicode char U+00C8 (decimal 200)
   defining Unicode char U+00C9 (decimal 201)
   defining Unicode char U+00CA (decimal 202)
   defining Unicode char U+00CB (decimal 203)
   defining Unicode char U+00CC (decimal 204)
   defining Unicode char U+00CD (decimal 205)
   defining Unicode char U+00CE (decimal 206)
   defining Unicode char U+00CF (decimal 207)
   defining Unicode char U+00D0 (decimal 208)
   defining Unicode char U+00D1 (decimal 209)
   defining Unicode char U+00D2 (decimal 210)
   defining Unicode char U+00D3 (decimal 211)
   defining Unicode char U+00D4 (decimal 212)
   defining Unicode char U+00D5 (decimal 213)
   defining Unicode char U+00D6 (decimal 214)
   defining Unicode char U+00D8 (decimal 216)
   defining Unicode char U+00D9 (decimal 217)
   defining Unicode char U+00DA (decimal 218)
   defining Unicode char U+00DB (decimal 219)
   defining Unicode char U+00DC (decimal 220)
   defining Unicode char U+00DD (decimal 221)
   defining Unicode char U+00DE (decimal 222)
   defining Unicode char U+00DF (decimal 223)
   defining Unicode char U+00E0 (decimal 224)
   defining Unicode char U+00E1 (decimal 225)
   defining Unicode char U+00E2 (decimal 226)
   defining Unicode char U+00E3 (decimal 227)
   defining Unicode char U+00E4 (decimal 228)
   defining Unicode char U+00E5 (decimal 229)
   defining Unicode char U+00E6 (decimal 230)
   defining Unicode char U+00E7 (decimal 231)
   defining Unicode char U+00E8 (decimal 232)
   defining Unicode char U+00E9 (decimal 233)
   defining Unicode char U+00EA (decimal 234)
   defining Unicode char U+00EB (decimal 235)
   defining Unicode char U+00EC (decimal 236)
   defining Unicode char U+00ED (decimal 237)
   defining Unicode char U+00EE (decimal 238)
   defining Unicode char U+00EF (decimal 239)
   defining Unicode char U+00F0 (decimal 240)
   defining Unicode char U+00F1 (decimal 241)
   defining Unicode char U+00F2 (decimal 242)
   defining Unicode char U+00F3 (decimal 243)
   defining Unicode char U+00F4 (decimal 244)
   defining Unicode char U+00F5 (decimal 245)
   defining Unicode char U+00F6 (decimal 246)
   defining Unicode char U+00F8 (decimal 248)
   defining Unicode char U+00F9 (decimal 249)
   defining Unicode char U+00FA (decimal 250)
   defining Unicode char U+00FB (decimal 251)
   defining Unicode char U+00FC (decimal 252)
   defining Unicode char U+00FD (decimal 253)
   defining Unicode char U+00FE (decimal 254)
   defining Unicode char U+00FF (decimal 255)
   defining Unicode char U+0131 (decimal 305)
   defining Unicode char U+0141 (decimal 321)
   defining Unicode char U+0142 (decimal 322)
   defining Unicode char U+0152 (decimal 338)
   defining Unicode char U+0153 (decimal 339)
   defining Unicode char U+0160 (decimal 352)
   defining Unicode char U+0161 (decimal 353)
   defining Unicode char U+0174 (decimal 372)
   defining Unicode char U+0175 (decimal 373)
   defining Unicode char U+0176 (decimal 374)
   defining Unicode char U+0177 (decimal 375)
   defining Unicode char U+0178 (decimal 376)
   defining Unicode char U+017D (decimal 381)
   defining Unicode char U+017E (decimal 382)
   defining Unicode char U+0192 (decimal 402)
   defining Unicode char U+0218 (decimal 536)
   defining Unicode char U+0219 (decimal 537)
   defining Unicode char U+021A (decimal 538)
   defining Unicode char U+021B (decimal 539)
   defining Unicode char U+0237 (decimal 567)
   defining Unicode char U+02C6 (decimal 710)
   defining Unicode char U+02DC (decimal 732)
   defining Unicode char U+2013 (decimal 8211)
   defining Unicode char U+2014 (decimal 8212)
   defining Unicode char U+201C (decimal 8220)
   defining Unicode char U+201D (decimal 8221)
   defining Unicode char U+2020 (decimal 8224)
   defining Unicode char U+2021 (decimal 8225)
   defining Unicode char U+2022 (decimal 8226)
   defining Unicode char U+2026 (decimal 8230)
   defining Unicode char U+2030 (decimal 8240)
   defining Unicode char U+2039 (decimal 8249)
   defining Unicode char U+203A (decimal 8250)
   defining Unicode char U+2122 (decimal 8482)
   defining Unicode char U+FB00 (decimal 64256)
   defining Unicode char U+FB01 (decimal 64257)
   defining Unicode char U+FB02 (decimal 64258)
   defining Unicode char U+FB03 (decimal 64259)
   defining Unicode char U+FB04 (decimal 64260)
   defining Unicode char U+FB05 (decimal 64261)
   defining Unicode char U+FB06 (decimal 64262)
))))
(/usr/local/texlive/2020/texmf-dist/tex/latex/sourcecodepro/sourcecodepro.sty
Package: sourcecodepro 2018/01/13 v2.7 Adobe's Source Code Pro typeface

(/usr/local/texlive/2020/texmf-dist/tex/latex/base/fontenc.sty
Package: fontenc 2020/02/11 v2.0o Standard LaTeX package
LaTeX Font Info:    Trying to load font information for T1+SourceSansPro-TLF on
 input line 112.

(/usr/local/texlive/2020/texmf-dist/tex/latex/sourcesanspro/T1SourceSansPro-TLF
.fd
File: T1SourceSansPro-TLF.fd 2020/01/19 (autoinst) Font definitions for T1/Sour
ceSansPro-TLF.
)
LaTeX Font Info:    Font shape `T1/SourceSansPro-TLF/m/n' aliased to
(Font)              `T1/SourceSansPro-TLF/regular/n' on input line 112.
LaTeX Font Info:    Font shape `T1/SourceSansPro-TLF/regular/n' will be
(Font)              scaled to size 10.95pt on input line 112.
)) (/usr/local/texlive/2020/texmf-dist/tex/latex/titling/titling.sty
Package: titling 2009/09/04 v2.1d maketitle typesetting
\thanksmarkwidth=\skip160
\thanksmargin=\skip161
\droptitle=\skip162
)

Class scrartcl Warning: Usage of package `fancyhdr' together
(scrartcl)              with a KOMA-Script class is not recommended.
(scrartcl)              I'd suggest to use 
(scrartcl)              package `scrlayer' or `scrlayer-scrpage', because
(scrartcl)              they support KOMA-Script classes.
(scrartcl)              With `fancyhdr' several features of class `scrartcl'
(scrartcl)              like options `headsepline', `footsepline' or command
(scrartcl)              `\MakeMarkcase' and the commands `\setkomafont' and
(scrartcl)              `\addtokomafont' for the page style elements need
(scrartcl)              explicite user intervention to work.
(scrartcl)              Nevertheless, using requested
(scrartcl)              package `fancyhdr' on input line 252.

(/usr/local/texlive/2020/texmf-dist/tex/latex/fancyhdr/fancyhdr.sty
Package: fancyhdr 2019/01/31 v3.10 Extensive control of page headers and footer
s
\f@nch@headwidth=\skip163
\f@nch@O@elh=\skip164
\f@nch@O@erh=\skip165
\f@nch@O@olh=\skip166
\f@nch@O@orh=\skip167
\f@nch@O@elf=\skip168
\f@nch@O@erf=\skip169
\f@nch@O@olf=\skip170
\f@nch@O@orf=\skip171
)
Package csquotes Info: Checking for multilingual support...
Package csquotes Info: ... found 'babel' package.
Package csquotes Info: Adjusting default style.
Package csquotes Info: Redefining alias 'default' -> 'english'.

(temp/text.aux
(/usr/local/texlive/2020/texmf-dist/tex/generic/babel/locale/de/babel-ngerman.t
ex
(/usr/local/texlive/2020/texmf-dist/tex/generic/babel/locale/de/babel-german.te
x
Package babel Info: Importing data for ngerman
(babel)             from babel-de.ini. Reported on input line 11.
))

! LaTeX Error: Missing \begin{document}.

See the LaTeX manual or LaTeX Companion for explanation.
Type  H <return>  for immediate help.
 ...                                              
                                                  
l.32 i
      on}{0}\relax }\@writefile{toc}{\contentsline {section}{\nonumberline B...

? 
! Emergency stop.
 ...                                              
                                                  
l.32 i
      on}{0}\relax }\@writefile{toc}{\contentsline {section}{\nonumberline B...

You're in trouble here.  Try typing  <return>  to proceed.
If that doesn't work, type  X <return>  to quit.

 
Here is how much of TeX's memory you used:
 24985 strings out of 480471
 435931 string characters out of 5899410
 1061060 words of memory out of 5000000
 40714 multiletter control sequences out of 15000+600000
 544998 words of font info for 27 fonts, out of 8000000 for 9000
 1141 hyphenation exceptions out of 8191
 49i,1n,57p,10119b,413s stack positions out of 5000i,500n,10000p,200000b,80000s
!  ==> Fatal error occurred, no output PDF file produced!
